<?xml version="1.0" encoding="UTF-8"?>
<!-- Generated by org.testng.reporters.JUnitXMLReporter -->
<testsuite ignored="0" hostname="DESKTOP-HKBQ6K6" failures="0" tests="2" name="Test2" time="59.902" errors="0" timestamp="2021-11-08T15:22:09 IST">
  <testcase classname="com.crm.comcast.CreateOrganizationPom.CreateOrgwithBaseclassTest" name="CreateOrganization" time="24.605"/>
  <testcase classname="com.crm.comcast.CreateOrganizationPom.CreateOrgwithBaseclassTest" name="createOrgwith" time="14.178"/>
</testsuite> <!-- Test2 -->
