<?xml version="1.0" encoding="UTF-8"?>
<!-- Generated by org.testng.reporters.JUnitXMLReporter -->
<testsuite ignored="2" hostname="DESKTOP-HKBQ6K6" failures="0" tests="1" name="Test" time="17.529" errors="0" timestamp="2021-11-08T13:07:26 IST">
  <testcase classname="com.crm.comcast.CreateOrganizationPom.CreateOrgwithBaseclassTest" name="Createorgimpact" time="0.012"/>
  <testcase classname="com.crm.comcast.CreateOrganizationPom.CreateOrgwithBaseclassTest" name="createOrgwith" time="0.0">
    <ignored/>
  </testcase> <!-- createOrgwith -->
  <testcase classname="com.crm.comcast.CreateOrganizationPom.CreateOrgwithBaseclassTest" name="CreateOrganization" time="0.0">
    <ignored/>
  </testcase> <!-- CreateOrganization -->
</testsuite> <!-- Test -->
