<?xml version="1.0" encoding="UTF-8"?>
<testng-results ignored="0" total="1" passed="0" failed="1" skipped="0">
  <reporter-output>
  </reporter-output>
  <suite started-at="2021-11-10T11:43:41 IST" name="Default suite" finished-at="2021-11-10T11:44:30 IST" duration-ms="48879">
    <groups>
    </groups>
    <test started-at="2021-11-10T11:43:41 IST" name="Default test" finished-at="2021-11-10T11:44:30 IST" duration-ms="48879">
      <class name="com.crm.comcast.CreateOrganizationPom.IlistenerPractice">
        <test-method is-config="true" signature="configBs()[pri:0, instance:com.crm.comcast.CreateOrganizationPom.IlistenerPractice@316bcf94]" started-at="2021-11-10T11:43:41 IST" name="configBs" finished-at="2021-11-10T11:43:41 IST" duration-ms="641" status="PASS">
          <reporter-output>
          </reporter-output>
        </test-method> <!-- configBs -->
        <test-method is-config="true" signature="configBC()[pri:0, instance:com.crm.comcast.CreateOrganizationPom.IlistenerPractice@316bcf94]" started-at="2021-11-10T11:43:41 IST" name="configBC" finished-at="2021-11-10T11:44:02 IST" duration-ms="21256" status="PASS">
          <reporter-output>
          </reporter-output>
        </test-method> <!-- configBC -->
        <test-method is-config="true" signature="ConfigBm()[pri:0, instance:com.crm.comcast.CreateOrganizationPom.IlistenerPractice@316bcf94]" started-at="2021-11-10T11:44:03 IST" name="ConfigBm" finished-at="2021-11-10T11:44:17 IST" duration-ms="14638" status="PASS">
          <reporter-output>
          </reporter-output>
        </test-method> <!-- ConfigBm -->
        <test-method signature="IlistenerPractices()[pri:0, instance:com.crm.comcast.CreateOrganizationPom.IlistenerPractice@316bcf94]" started-at="2021-11-10T11:44:17 IST" name="IlistenerPractices" finished-at="2021-11-10T11:44:17 IST" duration-ms="34" status="FAIL">
          <exception class="java.lang.AssertionError">
            <message>
              <![CDATA[null]]>
            </message>
            <full-stacktrace>
              <![CDATA[java.lang.AssertionError: null
at org.testng.Assert.fail(Assert.java:99)
at org.testng.Assert.fail(Assert.java:106)
at com.crm.comcast.CreateOrganizationPom.IlistenerPractice.IlistenerPractices(IlistenerPractice.java:13)
at java.base/jdk.internal.reflect.NativeMethodAccessorImpl.invoke0(Native Method)
at java.base/jdk.internal.reflect.NativeMethodAccessorImpl.invoke(NativeMethodAccessorImpl.java:78)
at java.base/jdk.internal.reflect.DelegatingMethodAccessorImpl.invoke(DelegatingMethodAccessorImpl.java:43)
at java.base/java.lang.reflect.Method.invoke(Method.java:567)
at org.testng.internal.MethodInvocationHelper.invokeMethod(MethodInvocationHelper.java:133)
at org.testng.internal.TestInvoker.invokeMethod(TestInvoker.java:598)
at org.testng.internal.TestInvoker.invokeTestMethod(TestInvoker.java:173)
at org.testng.internal.MethodRunner.runInSequence(MethodRunner.java:46)
at org.testng.internal.TestInvoker$MethodInvocationAgent.invoke(TestInvoker.java:824)
at org.testng.internal.TestInvoker.invokeTestMethods(TestInvoker.java:146)
at org.testng.internal.TestMethodWorker.invokeTestMethods(TestMethodWorker.java:146)
at org.testng.internal.TestMethodWorker.run(TestMethodWorker.java:128)
at java.base/java.util.ArrayList.forEach(ArrayList.java:1511)
at org.testng.TestRunner.privateRun(TestRunner.java:794)
at org.testng.TestRunner.run(TestRunner.java:596)
at org.testng.SuiteRunner.runTest(SuiteRunner.java:377)
at org.testng.SuiteRunner.runSequentially(SuiteRunner.java:371)
at org.testng.SuiteRunner.privateRun(SuiteRunner.java:332)
at org.testng.SuiteRunner.run(SuiteRunner.java:276)
at org.testng.SuiteRunnerWorker.runSuite(SuiteRunnerWorker.java:53)
at org.testng.SuiteRunnerWorker.run(SuiteRunnerWorker.java:96)
at org.testng.TestNG.runSuitesSequentially(TestNG.java:1212)
at org.testng.TestNG.runSuitesLocally(TestNG.java:1134)
at org.testng.TestNG.runSuites(TestNG.java:1063)
at org.testng.TestNG.run(TestNG.java:1031)
at org.testng.remote.AbstractRemoteTestNG.run(AbstractRemoteTestNG.java:115)
at org.testng.remote.RemoteTestNG.initAndRun(RemoteTestNG.java:251)
at org.testng.remote.RemoteTestNG.main(RemoteTestNG.java:77)
]]>
            </full-stacktrace>
          </exception> <!-- java.lang.AssertionError -->
          <reporter-output>
          </reporter-output>
        </test-method> <!-- IlistenerPractices -->
        <test-method is-config="true" signature="ConfigAM()[pri:0, instance:com.crm.comcast.CreateOrganizationPom.IlistenerPractice@316bcf94]" started-at="2021-11-10T11:44:18 IST" name="ConfigAM" finished-at="2021-11-10T11:44:30 IST" duration-ms="11910" status="PASS">
          <reporter-output>
          </reporter-output>
        </test-method> <!-- ConfigAM -->
        <test-method is-config="true" signature="configAc()[pri:0, instance:com.crm.comcast.CreateOrganizationPom.IlistenerPractice@316bcf94]" started-at="2021-11-10T11:44:30 IST" name="configAc" finished-at="2021-11-10T11:44:30 IST" duration-ms="330" status="PASS">
          <reporter-output>
          </reporter-output>
        </test-method> <!-- configAc -->
        <test-method is-config="true" signature="ConfigAs()[pri:0, instance:com.crm.comcast.CreateOrganizationPom.IlistenerPractice@316bcf94]" started-at="2021-11-10T11:44:30 IST" name="ConfigAs" finished-at="2021-11-10T11:44:30 IST" duration-ms="11" status="PASS">
          <reporter-output>
          </reporter-output>
        </test-method> <!-- ConfigAs -->
      </class> <!-- com.crm.comcast.CreateOrganizationPom.IlistenerPractice -->
    </test> <!-- Default test -->
  </suite> <!-- Default suite -->
</testng-results>
